c:\users\user\desktop\つくばチャレンジ2016\hriokart2016\mainsystem\teachingsystem_horiokart\teachingsystem_horiokart\debug\teachingsystem_horiokart.pch
c:\users\user\desktop\つくばチャレンジ2016\hriokart2016\mainsystem\teachingsystem_horiokart\teachingsystem_horiokart\debug\vc120.pdb
c:\users\user\desktop\つくばチャレンジ2016\hriokart2016\mainsystem\teachingsystem_horiokart\teachingsystem_horiokart\debug\vc120.idb
c:\users\user\desktop\つくばチャレンジ2016\hriokart2016\mainsystem\teachingsystem_horiokart\teachingsystem_horiokart\debug\stdafx.obj
c:\users\user\desktop\つくばチャレンジ2016\hriokart2016\mainsystem\teachingsystem_horiokart\teachingsystem_horiokart\debug\teaching_main.obj
c:\users\user\documents\tukuba-git\mainsystem\teachingsystem_horiokart\teachingsystem_horiokart\debug\teachingsystem_horiokart.pch
c:\users\user\documents\tukuba-git\mainsystem\teachingsystem_horiokart\teachingsystem_horiokart\debug\vc120.pdb
c:\users\user\documents\tukuba-git\mainsystem\teachingsystem_horiokart\teachingsystem_horiokart\debug\vc120.idb
c:\users\user\documents\tukuba-git\mainsystem\teachingsystem_horiokart\teachingsystem_horiokart\debug\stdafx.obj
c:\users\user\documents\tukuba-git\mainsystem\teachingsystem_horiokart\teachingsystem_horiokart\debug\teaching_main.obj
c:\users\user\desktop\つくばチャレンジ2016\hriokart2016\mainsystem\teachingsystem_horiokart\debug\teachingsystem_horiokart.ilk
c:\users\user\desktop\つくばチャレンジ2016\hriokart2016\mainsystem\teachingsystem_horiokart\debug\teachingsystem_horiokart.exe
c:\users\user\desktop\つくばチャレンジ2016\hriokart2016\mainsystem\teachingsystem_horiokart\debug\teachingsystem_horiokart.pdb
c:\users\user\documents\tukuba-git\mainsystem\teachingsystem_horiokart\debug\teachingsystem_horiokart.ilk
c:\users\user\documents\tukuba-git\mainsystem\teachingsystem_horiokart\debug\teachingsystem_horiokart.exe
c:\users\user\documents\tukuba-git\mainsystem\teachingsystem_horiokart\debug\teachingsystem_horiokart.pdb
c:\users\user\desktop\つくばチャレンジ2016\hriokart2016\mainsystem\teachingsystem_horiokart\teachingsystem_horiokart\debug\teaching.636d8ae9.tlog\cl.command.1.tlog
c:\users\user\desktop\つくばチャレンジ2016\hriokart2016\mainsystem\teachingsystem_horiokart\teachingsystem_horiokart\debug\teaching.636d8ae9.tlog\cl.read.1.tlog
c:\users\user\desktop\つくばチャレンジ2016\hriokart2016\mainsystem\teachingsystem_horiokart\teachingsystem_horiokart\debug\teaching.636d8ae9.tlog\cl.write.1.tlog
c:\users\user\desktop\つくばチャレンジ2016\hriokart2016\mainsystem\teachingsystem_horiokart\teachingsystem_horiokart\debug\teaching.636d8ae9.tlog\link.command.1.tlog
c:\users\user\desktop\つくばチャレンジ2016\hriokart2016\mainsystem\teachingsystem_horiokart\teachingsystem_horiokart\debug\teaching.636d8ae9.tlog\link.read.1.tlog
c:\users\user\desktop\つくばチャレンジ2016\hriokart2016\mainsystem\teachingsystem_horiokart\teachingsystem_horiokart\debug\teaching.636d8ae9.tlog\link.write.1.tlog
